android/app/build/intermediates/manifest_merge_blame_file/release/manifest-merger-blame-release-report.txt
1<?xml version="1.0" encoding="utf-8"?>
2<manifest xmlns:android="http://schemas.android.com/apk/res/android"
3    package="com.testapp"
4    android:versionCode="1"
5    android:versionName="1.0" >
6
7    <uses-sdk
8        android:minSdkVersion="21"
8-->src/main/AndroidManifest.xml
9        android:targetSdkVersion="31" />
9-->src/main/AndroidManifest.xml
10
11    <uses-permission android:name="android.permission.INTERNET" />
11-->src/main/AndroidManifest.xml:3:5-66
11-->src/main/AndroidManifest.xml:3:22-64
12    <uses-permission android:name="android.permission.ACCESS_FINE_LOCATION" />
12-->src/main/AndroidManifest.xml:4:5-78
12-->src/main/AndroidManifest.xml:4:22-76
13    <uses-permission android:name="android.permission.ACCESS_COARSE_LOCATION" />
13-->src/main/AndroidManifest.xml:5:5-80
13-->src/main/AndroidManifest.xml:5:22-78
14    <uses-permission android:name="android.permission.ACCESS_NETWORK_STATE" />
14-->[:react-native-community_netinfo] AndroidManifest.xml:9:5-79
14-->[:react-native-community_netinfo] AndroidManifest.xml:9:22-76
15    <uses-permission android:name="android.permission.ACCESS_WIFI_STATE" />
15-->[:react-native-community_netinfo] AndroidManifest.xml:10:5-76
15-->[:react-native-community_netinfo] AndroidManifest.xml:10:22-73
16
17    <uses-feature
17-->[com.google.android.gms:play-services-maps:18.0.2] AndroidManifest.xml:26:5-28:35
18        android:glEsVersion="0x00020000"
18-->[com.google.android.gms:play-services-maps:18.0.2] AndroidManifest.xml:27:9-41
19        android:required="true" />
19-->[com.google.android.gms:play-services-maps:18.0.2] AndroidManifest.xml:28:9-32
20
21    <queries>
21-->[com.google.android.gms:play-services-maps:18.0.2] AndroidManifest.xml:30:5-34:15
22
23        <!-- Needs to be explicitly declared on Android R+ -->
24        <package android:name="com.google.android.apps.maps" />
24-->[com.google.android.gms:play-services-maps:18.0.2] AndroidManifest.xml:33:9-64
24-->[com.google.android.gms:play-services-maps:18.0.2] AndroidManifest.xml:33:18-61
25    </queries>
26
27    <uses-permission android:name="android.permission.WAKE_LOCK" />
27-->[androidx.work:work-runtime:2.7.1] AndroidManifest.xml:25:5-68
27-->[androidx.work:work-runtime:2.7.1] AndroidManifest.xml:25:22-65
28    <uses-permission android:name="android.permission.RECEIVE_BOOT_COMPLETED" />
28-->[androidx.work:work-runtime:2.7.1] AndroidManifest.xml:27:5-81
28-->[androidx.work:work-runtime:2.7.1] AndroidManifest.xml:27:22-78
29    <uses-permission android:name="android.permission.FOREGROUND_SERVICE" />
29-->[androidx.work:work-runtime:2.7.1] AndroidManifest.xml:28:5-77
29-->[androidx.work:work-runtime:2.7.1] AndroidManifest.xml:28:22-74
30
31    <application
31-->src/main/AndroidManifest.xml:7:5-29:19
32        android:name="com.testapp.MainApplication"
32-->src/main/AndroidManifest.xml:8:7-38
33        android:allowBackup="false"
33-->src/main/AndroidManifest.xml:12:7-34
34        android:appComponentFactory="androidx.core.app.CoreComponentFactory"
34-->[androidx.core:core:1.6.0] AndroidManifest.xml:24:18-86
35        android:icon="@mipmap/ic_launcher"
35-->src/main/AndroidManifest.xml:10:7-41
36        android:label="@string/app_name"
36-->src/main/AndroidManifest.xml:9:7-39
37        android:roundIcon="@mipmap/ic_launcher_round"
37-->src/main/AndroidManifest.xml:11:7-52
38        android:theme="@style/AppTheme" >
38-->src/main/AndroidManifest.xml:13:7-38
39        <meta-data
39-->src/main/AndroidManifest.xml:14:9-16:74
40            android:name="com.google.android.geo.API_KEY"
40-->src/main/AndroidManifest.xml:15:17-62
41            android:value="AIzaSyDRvH7gPz1UB_tLkxgHOPTtzyBa_Q_BePc" />
41-->src/main/AndroidManifest.xml:16:17-72
42
43        <activity
43-->src/main/AndroidManifest.xml:17:7-28:18
44            android:name="com.testapp.MainActivity"
44-->src/main/AndroidManifest.xml:18:9-37
45            android:configChanges="keyboard|keyboardHidden|orientation|screenLayout|screenSize|smallestScreenSize|uiMode"
45-->src/main/AndroidManifest.xml:20:9-118
46            android:exported="true"
46-->src/main/AndroidManifest.xml:23:9-32
47            android:label="@string/app_name"
47-->src/main/AndroidManifest.xml:19:9-41
48            android:launchMode="singleTask"
48-->src/main/AndroidManifest.xml:21:9-40
49            android:windowSoftInputMode="adjustResize" >
49-->src/main/AndroidManifest.xml:22:9-51
50            <intent-filter>
50-->src/main/AndroidManifest.xml:24:9-27:25
51                <action android:name="android.intent.action.MAIN" />
51-->src/main/AndroidManifest.xml:25:13-65
51-->src/main/AndroidManifest.xml:25:21-62
52
53                <category android:name="android.intent.category.LAUNCHER" />
53-->src/main/AndroidManifest.xml:26:13-73
53-->src/main/AndroidManifest.xml:26:23-70
54            </intent-filter>
55        </activity>
56        <!-- Needs to be explicitly declared on P+ -->
57        <uses-library
57-->[com.google.android.gms:play-services-maps:18.0.2] AndroidManifest.xml:39:9-41:40
58            android:name="org.apache.http.legacy"
58-->[com.google.android.gms:play-services-maps:18.0.2] AndroidManifest.xml:40:13-50
59            android:required="false" />
59-->[com.google.android.gms:play-services-maps:18.0.2] AndroidManifest.xml:41:13-37
60
61        <activity
61-->[com.google.android.gms:play-services-base:18.1.0] AndroidManifest.xml:20:9-22:45
62            android:name="com.google.android.gms.common.api.GoogleApiActivity"
62-->[com.google.android.gms:play-services-base:18.1.0] AndroidManifest.xml:20:19-85
63            android:exported="false"
63-->[com.google.android.gms:play-services-base:18.1.0] AndroidManifest.xml:22:19-43
64            android:theme="@android:style/Theme.Translucent.NoTitleBar" />
64-->[com.google.android.gms:play-services-base:18.1.0] AndroidManifest.xml:21:19-78
65
66        <meta-data
66-->[com.google.android.gms:play-services-basement:18.1.0] AndroidManifest.xml:21:9-23:69
67            android:name="com.google.android.gms.version"
67-->[com.google.android.gms:play-services-basement:18.1.0] AndroidManifest.xml:22:13-58
68            android:value="@integer/google_play_services_version" />
68-->[com.google.android.gms:play-services-basement:18.1.0] AndroidManifest.xml:23:13-66
69
70        <provider
70-->[androidx.work:work-runtime:2.7.1] AndroidManifest.xml:31:9-39:20
71            android:name="androidx.startup.InitializationProvider"
71-->[androidx.work:work-runtime:2.7.1] AndroidManifest.xml:32:13-67
72            android:authorities="com.testapp.androidx-startup"
72-->[androidx.work:work-runtime:2.7.1] AndroidManifest.xml:33:13-68
73            android:exported="false" >
73-->[androidx.work:work-runtime:2.7.1] AndroidManifest.xml:34:13-37
74            <meta-data
74-->[androidx.work:work-runtime:2.7.1] AndroidManifest.xml:36:13-38:52
75                android:name="androidx.work.WorkManagerInitializer"
75-->[androidx.work:work-runtime:2.7.1] AndroidManifest.xml:37:17-68
76                android:value="androidx.startup" />
76-->[androidx.work:work-runtime:2.7.1] AndroidManifest.xml:38:17-49
77        </provider>
78
79        <service
79-->[androidx.work:work-runtime:2.7.1] AndroidManifest.xml:41:9-46:35
80            android:name="androidx.work.impl.background.systemalarm.SystemAlarmService"
80-->[androidx.work:work-runtime:2.7.1] AndroidManifest.xml:42:13-88
81            android:directBootAware="false"
81-->[androidx.work:work-runtime:2.7.1] AndroidManifest.xml:43:13-44
82            android:enabled="@bool/enable_system_alarm_service_default"
82-->[androidx.work:work-runtime:2.7.1] AndroidManifest.xml:44:13-72
83            android:exported="false" />
83-->[androidx.work:work-runtime:2.7.1] AndroidManifest.xml:45:13-37
84        <service
84-->[androidx.work:work-runtime:2.7.1] AndroidManifest.xml:47:9-53:35
85            android:name="androidx.work.impl.background.systemjob.SystemJobService"
85-->[androidx.work:work-runtime:2.7.1] AndroidManifest.xml:48:13-84
86            android:directBootAware="false"
86-->[androidx.work:work-runtime:2.7.1] AndroidManifest.xml:49:13-44
87            android:enabled="@bool/enable_system_job_service_default"
87-->[androidx.work:work-runtime:2.7.1] AndroidManifest.xml:50:13-70
88            android:exported="true"
88-->[androidx.work:work-runtime:2.7.1] AndroidManifest.xml:51:13-36
89            android:permission="android.permission.BIND_JOB_SERVICE" />
89-->[androidx.work:work-runtime:2.7.1] AndroidManifest.xml:52:13-69
90        <service
90-->[androidx.work:work-runtime:2.7.1] AndroidManifest.xml:54:9-59:35
91            android:name="androidx.work.impl.foreground.SystemForegroundService"
91-->[androidx.work:work-runtime:2.7.1] AndroidManifest.xml:55:13-81
92            android:directBootAware="false"
92-->[androidx.work:work-runtime:2.7.1] AndroidManifest.xml:56:13-44
93            android:enabled="@bool/enable_system_foreground_service_default"
93-->[androidx.work:work-runtime:2.7.1] AndroidManifest.xml:57:13-77
94            android:exported="false" />
94-->[androidx.work:work-runtime:2.7.1] AndroidManifest.xml:58:13-37
95
96        <receiver
96-->[androidx.work:work-runtime:2.7.1] AndroidManifest.xml:61:9-66:35
97            android:name="androidx.work.impl.utils.ForceStopRunnable$BroadcastReceiver"
97-->[androidx.work:work-runtime:2.7.1] AndroidManifest.xml:62:13-88
98            android:directBootAware="false"
98-->[androidx.work:work-runtime:2.7.1] AndroidManifest.xml:63:13-44
99            android:enabled="true"
99-->[androidx.work:work-runtime:2.7.1] AndroidManifest.xml:64:13-35
100            android:exported="false" />
100-->[androidx.work:work-runtime:2.7.1] AndroidManifest.xml:65:13-37
101        <receiver
101-->[androidx.work:work-runtime:2.7.1] AndroidManifest.xml:67:9-77:20
102            android:name="androidx.work.impl.background.systemalarm.ConstraintProxy$BatteryChargingProxy"
102-->[androidx.work:work-runtime:2.7.1] AndroidManifest.xml:68:13-106
103            android:directBootAware="false"
103-->[androidx.work:work-runtime:2.7.1] AndroidManifest.xml:69:13-44
104            android:enabled="false"
104-->[androidx.work:work-runtime:2.7.1] AndroidManifest.xml:70:13-36
105            android:exported="false" >
105-->[androidx.work:work-runtime:2.7.1] AndroidManifest.xml:71:13-37
106            <intent-filter>
106-->[androidx.work:work-runtime:2.7.1] AndroidManifest.xml:73:13-76:29
107                <action android:name="android.intent.action.ACTION_POWER_CONNECTED" />
107-->[androidx.work:work-runtime:2.7.1] AndroidManifest.xml:74:17-87
107-->[androidx.work:work-runtime:2.7.1] AndroidManifest.xml:74:25-84
108                <action android:name="android.intent.action.ACTION_POWER_DISCONNECTED" />
108-->[androidx.work:work-runtime:2.7.1] AndroidManifest.xml:75:17-90
108-->[androidx.work:work-runtime:2.7.1] AndroidManifest.xml:75:25-87
109            </intent-filter>
110        </receiver>
111        <receiver
111-->[androidx.work:work-runtime:2.7.1] AndroidManifest.xml:78:9-88:20
112            android:name="androidx.work.impl.background.systemalarm.ConstraintProxy$BatteryNotLowProxy"
112-->[androidx.work:work-runtime:2.7.1] AndroidManifest.xml:79:13-104
113            android:directBootAware="false"
113-->[androidx.work:work-runtime:2.7.1] AndroidManifest.xml:80:13-44
114            android:enabled="false"
114-->[androidx.work:work-runtime:2.7.1] AndroidManifest.xml:81:13-36
115            android:exported="false" >
115-->[androidx.work:work-runtime:2.7.1] AndroidManifest.xml:82:13-37
116            <intent-filter>
116-->[androidx.work:work-runtime:2.7.1] AndroidManifest.xml:84:13-87:29
117                <action android:name="android.intent.action.BATTERY_OKAY" />
117-->[androidx.work:work-runtime:2.7.1] AndroidManifest.xml:85:17-77
117-->[androidx.work:work-runtime:2.7.1] AndroidManifest.xml:85:25-74
118                <action android:name="android.intent.action.BATTERY_LOW" />
118-->[androidx.work:work-runtime:2.7.1] AndroidManifest.xml:86:17-76
118-->[androidx.work:work-runtime:2.7.1] AndroidManifest.xml:86:25-73
119            </intent-filter>
120        </receiver>
121        <receiver
121-->[androidx.work:work-runtime:2.7.1] AndroidManifest.xml:89:9-99:20
122            android:name="androidx.work.impl.background.systemalarm.ConstraintProxy$StorageNotLowProxy"
122-->[androidx.work:work-runtime:2.7.1] AndroidManifest.xml:90:13-104
123            android:directBootAware="false"
123-->[androidx.work:work-runtime:2.7.1] AndroidManifest.xml:91:13-44
124            android:enabled="false"
124-->[androidx.work:work-runtime:2.7.1] AndroidManifest.xml:92:13-36
125            android:exported="false" >
125-->[androidx.work:work-runtime:2.7.1] AndroidManifest.xml:93:13-37
126            <intent-filter>
126-->[androidx.work:work-runtime:2.7.1] AndroidManifest.xml:95:13-98:29
127                <action android:name="android.intent.action.DEVICE_STORAGE_LOW" />
127-->[androidx.work:work-runtime:2.7.1] AndroidManifest.xml:96:17-83
127-->[androidx.work:work-runtime:2.7.1] AndroidManifest.xml:96:25-80
128                <action android:name="android.intent.action.DEVICE_STORAGE_OK" />
128-->[androidx.work:work-runtime:2.7.1] AndroidManifest.xml:97:17-82
128-->[androidx.work:work-runtime:2.7.1] AndroidManifest.xml:97:25-79
129            </intent-filter>
130        </receiver>
131        <receiver
131-->[androidx.work:work-runtime:2.7.1] AndroidManifest.xml:100:9-109:20
132            android:name="androidx.work.impl.background.systemalarm.ConstraintProxy$NetworkStateProxy"
132-->[androidx.work:work-runtime:2.7.1] AndroidManifest.xml:101:13-103
133            android:directBootAware="false"
133-->[androidx.work:work-runtime:2.7.1] AndroidManifest.xml:102:13-44
134            android:enabled="false"
134-->[androidx.work:work-runtime:2.7.1] AndroidManifest.xml:103:13-36
135            android:exported="false" >
135-->[androidx.work:work-runtime:2.7.1] AndroidManifest.xml:104:13-37
136            <intent-filter>
136-->[androidx.work:work-runtime:2.7.1] AndroidManifest.xml:106:13-108:29
137                <action android:name="android.net.conn.CONNECTIVITY_CHANGE" />
137-->[androidx.work:work-runtime:2.7.1] AndroidManifest.xml:107:17-79
137-->[androidx.work:work-runtime:2.7.1] AndroidManifest.xml:107:25-76
138            </intent-filter>
139        </receiver>
140        <receiver
140-->[androidx.work:work-runtime:2.7.1] AndroidManifest.xml:110:9-121:20
141            android:name="androidx.work.impl.background.systemalarm.RescheduleReceiver"
141-->[androidx.work:work-runtime:2.7.1] AndroidManifest.xml:111:13-88
142            android:directBootAware="false"
142-->[androidx.work:work-runtime:2.7.1] AndroidManifest.xml:112:13-44
143            android:enabled="false"
143-->[androidx.work:work-runtime:2.7.1] AndroidManifest.xml:113:13-36
144            android:exported="false" >
144-->[androidx.work:work-runtime:2.7.1] AndroidManifest.xml:114:13-37
145            <intent-filter>
145-->[androidx.work:work-runtime:2.7.1] AndroidManifest.xml:116:13-120:29
146                <action android:name="android.intent.action.BOOT_COMPLETED" />
146-->[androidx.work:work-runtime:2.7.1] AndroidManifest.xml:117:17-79
146-->[androidx.work:work-runtime:2.7.1] AndroidManifest.xml:117:25-76
147                <action android:name="android.intent.action.TIME_SET" />
147-->[androidx.work:work-runtime:2.7.1] AndroidManifest.xml:118:17-73
147-->[androidx.work:work-runtime:2.7.1] AndroidManifest.xml:118:25-70
148                <action android:name="android.intent.action.TIMEZONE_CHANGED" />
148-->[androidx.work:work-runtime:2.7.1] AndroidManifest.xml:119:17-81
148-->[androidx.work:work-runtime:2.7.1] AndroidManifest.xml:119:25-78
149            </intent-filter>
150        </receiver>
151        <receiver
151-->[androidx.work:work-runtime:2.7.1] AndroidManifest.xml:122:9-131:20
152            android:name="androidx.work.impl.background.systemalarm.ConstraintProxyUpdateReceiver"
152-->[androidx.work:work-runtime:2.7.1] AndroidManifest.xml:123:13-99
153            android:directBootAware="false"
153-->[androidx.work:work-runtime:2.7.1] AndroidManifest.xml:124:13-44
154            android:enabled="@bool/enable_system_alarm_service_default"
154-->[androidx.work:work-runtime:2.7.1] AndroidManifest.xml:125:13-72
155            android:exported="false" >
155-->[androidx.work:work-runtime:2.7.1] AndroidManifest.xml:126:13-37
156            <intent-filter>
156-->[androidx.work:work-runtime:2.7.1] AndroidManifest.xml:128:13-130:29
157                <action android:name="androidx.work.impl.background.systemalarm.UpdateProxies" />
157-->[androidx.work:work-runtime:2.7.1] AndroidManifest.xml:129:17-98
157-->[androidx.work:work-runtime:2.7.1] AndroidManifest.xml:129:25-95
158            </intent-filter>
159        </receiver>
160        <receiver
160-->[androidx.work:work-runtime:2.7.1] AndroidManifest.xml:132:9-142:20
161            android:name="androidx.work.impl.diagnostics.DiagnosticsReceiver"
161-->[androidx.work:work-runtime:2.7.1] AndroidManifest.xml:133:13-78
162            android:directBootAware="false"
162-->[androidx.work:work-runtime:2.7.1] AndroidManifest.xml:134:13-44
163            android:enabled="true"
163-->[androidx.work:work-runtime:2.7.1] AndroidManifest.xml:135:13-35
164            android:exported="true"
164-->[androidx.work:work-runtime:2.7.1] AndroidManifest.xml:136:13-36
165            android:permission="android.permission.DUMP" >
165-->[androidx.work:work-runtime:2.7.1] AndroidManifest.xml:137:13-57
166            <intent-filter>
166-->[androidx.work:work-runtime:2.7.1] AndroidManifest.xml:139:13-141:29
167                <action android:name="androidx.work.diagnostics.REQUEST_DIAGNOSTICS" />
167-->[androidx.work:work-runtime:2.7.1] AndroidManifest.xml:140:17-88
167-->[androidx.work:work-runtime:2.7.1] AndroidManifest.xml:140:25-85
168            </intent-filter>
169        </receiver>
170
171        <service
171-->[androidx.room:room-runtime:2.2.5] AndroidManifest.xml:25:9-28:40
172            android:name="androidx.room.MultiInstanceInvalidationService"
172-->[androidx.room:room-runtime:2.2.5] AndroidManifest.xml:26:13-74
173            android:directBootAware="true"
173-->[androidx.room:room-runtime:2.2.5] AndroidManifest.xml:27:13-43
174            android:exported="false" />
174-->[androidx.room:room-runtime:2.2.5] AndroidManifest.xml:28:13-37
175    </application>
176
177</manifest>